# JRE version: 7.0_11-b21
# Java VM: Java HotSpot(TM) 64-Bit Server VM (23.6-b04 mixed mode windows-amd64 compressed oops)
Heap
 PSYoungGen      total 46080K, used 7872K [0x00000000fa000000, 0x00000000fde20000, 0x0000000100000000)
  eden space 32256K, 14% used [0x00000000fa000000,0x00000000fa4a0420,0x00000000fbf80000)
  from space 13824K, 22% used [0x00000000fd0a0000,0x00000000fd3afbf8,0x00000000fde20000)
  to   space 15680K, 0% used [0x00000000fbf80000,0x00000000fbf80000,0x00000000fced0000)
 ParOldGen       total 75904K, used 53645K [0x00000000e8000000, 0x00000000eca20000, 0x00000000fa000000)
  object space 75904K, 70% used [0x00000000e8000000,0x00000000eb4636a8,0x00000000eca20000)
 PSPermGen       total 126784K, used 68015K [0x00000000e0000000, 0x00000000e7bd0000, 0x00000000e8000000)
  object space 126784K, 53% used [0x00000000e0000000,0x00000000e426be60,0x00000000e7bd0000)
GC Heap History (10 events):
Event: 1104.832 GC heap before
{Heap before GC invocations=66 (full 2):
 PSYoungGen      total 39936K, used 39931K [0x00000000fa000000, 0x00000000fe9c0000, 0x0000000100000000)
  eden space 38016K, 100% used [0x00000000fa000000,0x00000000fc520000,0x00000000fc520000)
  from space 1920K, 99% used [0x00000000fc670000,0x00000000fc84ef20,0x00000000fc850000)
  to   space 18752K, 0% used [0x00000000fd770000,0x00000000fd770000,0x00000000fe9c0000)
 ParOldGen       total 75904K, used 53645K [0x00000000e8000000, 0x00000000eca20000, 0x00000000fa000000)
  object space 75904K, 70% used [0x00000000e8000000,0x00000000eb4636a8,0x00000000eca20000)
 PSPermGen       total 126784K, used 67901K [0x00000000e0000000, 0x00000000e7bd0000, 0x00000000e8000000)
  object space 126784K, 53% used [0x00000000e0000000,0x00000000e424f4a0,0x00000000e7bd0000)
Event: 1104.838 GC heap after
Heap after GC invocations=66 (full 2):
 PSYoungGen      total 53184K, used 2408K [0x00000000fa000000, 0x00000000fe780000, 0x0000000100000000)
  eden space 36736K, 0% used [0x00000000fa000000,0x00000000fa000000,0x00000000fc3e0000)
  from space 16448K, 14% used [0x00000000fd770000,0x00000000fd9ca058,0x00000000fe780000)
  to   space 18240K, 0% used [0x00000000fc3e0000,0x00000000fc3e0000,0x00000000fd5b0000)
 ParOldGen       total 75904K, used 53645K [0x00000000e8000000, 0x00000000eca20000, 0x00000000fa000000)
  object space 75904K, 70% used [0x00000000e8000000,0x00000000eb4636a8,0x00000000eca20000)
 PSPermGen       total 126784K, used 67901K [0x00000000e0000000, 0x00000000e7bd0000, 0x00000000e8000000)
  object space 126784K, 53% used [0x00000000e0000000,0x00000000e424f4a0,0x00000000e7bd0000)
}
Event: 1123.478 GC heap before
{Heap before GC invocations=67 (full 2):
 PSYoungGen      total 53184K, used 39144K [0x00000000fa000000, 0x00000000fe780000, 0x0000000100000000)
  eden space 36736K, 100% used [0x00000000fa000000,0x00000000fc3e0000,0x00000000fc3e0000)
  from space 16448K, 14% used [0x00000000fd770000,0x00000000fd9ca058,0x00000000fe780000)
  to   space 18240K, 0% used [0x00000000fc3e0000,0x00000000fc3e0000,0x00000000fd5b0000)
 ParOldGen       total 75904K, used 53645K [0x00000000e8000000, 0x00000000eca20000, 0x00000000fa000000)
  object space 75904K, 70% used [0x00000000e8000000,0x00000000eb4636a8,0x00000000eca20000)
 PSPermGen       total 126784K, used 67929K [0x00000000e0000000, 0x00000000e7bd0000, 0x00000000e8000000)
  object space 126784K, 53% used [0x00000000e0000000,0x00000000e42567b8,0x00000000e7bd0000)
Event: 1123.484 GC heap after
Heap after GC invocations=67 (full 2):
 PSYoungGen      total 37504K, used 1960K [0x00000000fa000000, 0x00000000fe550000, 0x0000000100000000)
  eden space 35520K, 0% used [0x00000000fa000000,0x00000000fa000000,0x00000000fc2b0000)
  from space 1984K, 98% used [0x00000000fc3e0000,0x00000000fc5ca300,0x00000000fc5d0000)
  to   space 17728K, 0% used [0x00000000fd400000,0x00000000fd400000,0x00000000fe550000)
 ParOldGen       total 75904K, used 53645K [0x00000000e8000000, 0x00000000eca20000, 0x00000000fa000000)
  object space 75904K, 70% used [0x00000000e8000000,0x00000000eb4636a8,0x00000000eca20000)
 PSPermGen       total 126784K, used 67929K [0x00000000e0000000, 0x00000000e7bd0000, 0x00000000e8000000)
  object space 126784K, 53% used [0x00000000e0000000,0x00000000e42567b8,0x00000000e7bd0000)
}
Event: 1167.520 GC heap before
{Heap before GC invocations=68 (full 2):
 PSYoungGen      total 37504K, used 37480K [0x00000000fa000000, 0x00000000fe550000, 0x0000000100000000)
  eden space 35520K, 100% used [0x00000000fa000000,0x00000000fc2b0000,0x00000000fc2b0000)
  from space 1984K, 98% used [0x00000000fc3e0000,0x00000000fc5ca300,0x00000000fc5d0000)
  to   space 17728K, 0% used [0x00000000fd400000,0x00000000fd400000,0x00000000fe550000)
 ParOldGen       total 75904K, used 53645K [0x00000000e8000000, 0x00000000eca20000, 0x00000000fa000000)
  object space 75904K, 70% used [0x00000000e8000000,0x00000000eb4636a8,0x00000000eca20000)
 PSPermGen       total 126784K, used 67954K [0x00000000e0000000, 0x00000000e7bd0000, 0x00000000e8000000)
  object space 126784K, 53% used [0x00000000e0000000,0x00000000e425c868,0x00000000e7bd0000)
Event: 1167.527 GC heap after
Heap after GC invocations=68 (full 2):
 PSYoungGen      total 49920K, used 1866K [0x00000000fa000000, 0x00000000fe330000, 0x0000000100000000)
  eden space 34368K, 0% used [0x00000000fa000000,0x00000000fa000000,0x00000000fc190000)
  from space 15552K, 12% used [0x00000000fd400000,0x00000000fd5d28f8,0x00000000fe330000)
  to   space 17216K, 0% used [0x00000000fc190000,0x00000000fc190000,0x00000000fd260000)
 ParOldGen       total 75904K, used 53645K [0x00000000e8000000, 0x00000000eca20000, 0x00000000fa000000)
  object space 75904K, 70% used [0x00000000e8000000,0x00000000eb4636a8,0x00000000eca20000)
 PSPermGen       total 126784K, used 67954K [0x00000000e0000000, 0x00000000e7bd0000, 0x00000000e8000000)
  object space 126784K, 53% used [0x00000000e0000000,0x00000000e425c868,0x00000000e7bd0000)
}
Event: 1202.982 GC heap before
{Heap before GC invocations=69 (full 2):
 PSYoungGen      total 49920K, used 36234K [0x00000000fa000000, 0x00000000fe330000, 0x0000000100000000)
  eden space 34368K, 100% used [0x00000000fa000000,0x00000000fc190000,0x00000000fc190000)
  from space 15552K, 12% used [0x00000000fd400000,0x00000000fd5d28f8,0x00000000fe330000)
  to   space 17216K, 0% used [0x00000000fc190000,0x00000000fc190000,0x00000000fd260000)
 ParOldGen       total 75904K, used 53645K [0x00000000e8000000, 0x00000000eca20000, 0x00000000fa000000)
  object space 75904K, 70% used [0x00000000e8000000,0x00000000eb4636a8,0x00000000eca20000)
 PSPermGen       total 126784K, used 67975K [0x00000000e0000000, 0x00000000e7bd0000, 0x00000000e8000000)
  object space 126784K, 53% used [0x00000000e0000000,0x00000000e4261d08,0x00000000e7bd0000)
Event: 1202.988 GC heap after
Heap after GC invocations=69 (full 2):
 PSYoungGen      total 35712K, used 2370K [0x00000000fa000000, 0x00000000fe0c0000, 0x0000000100000000)
  eden space 33280K, 0% used [0x00000000fa000000,0x00000000fa000000,0x00000000fc080000)
  from space 2432K, 97% used [0x00000000fc190000,0x00000000fc3e0818,0x00000000fc3f0000)
  to   space 16512K, 0% used [0x00000000fd0a0000,0x00000000fd0a0000,0x00000000fe0c0000)
 ParOldGen       total 75904K, used 53645K [0x00000000e8000000, 0x00000000eca20000, 0x00000000fa000000)
  object space 75904K, 70% used [0x00000000e8000000,0x00000000eb4636a8,0x00000000eca20000)
 PSPermGen       total 126784K, used 67975K [0x00000000e0000000, 0x00000000e7bd0000, 0x00000000e8000000)
  object space 126784K, 53% used [0x00000000e0000000,0x00000000e4261d08,0x00000000e7bd0000)
}
Event: 1231.894 GC heap before
{Heap before GC invocations=70 (full 2):
 PSYoungGen      total 35712K, used 35650K [0x00000000fa000000, 0x00000000fe0c0000, 0x0000000100000000)
  eden space 33280K, 100% used [0x00000000fa000000,0x00000000fc080000,0x00000000fc080000)
  from space 2432K, 97% used [0x00000000fc190000,0x00000000fc3e0818,0x00000000fc3f0000)
  to   space 16512K, 0% used [0x00000000fd0a0000,0x00000000fd0a0000,0x00000000fe0c0000)
 ParOldGen       total 75904K, used 53645K [0x00000000e8000000, 0x00000000eca20000, 0x00000000fa000000)
  object space 75904K, 70% used [0x00000000e8000000,0x00000000eb4636a8,0x00000000eca20000)
 PSPermGen       total 126784K, used 68008K [0x00000000e0000000, 0x00000000e7bd0000, 0x00000000e8000000)
  object space 126784K, 53% used [0x00000000e0000000,0x00000000e426a148,0x00000000e7bd0000)
Event: 1231.902 GC heap after
Heap after GC invocations=70 (full 2):
 PSYoungGen      total 46080K, used 3134K [0x00000000fa000000, 0x00000000fde20000, 0x0000000100000000)
  eden space 32256K, 0% used [0x00000000fa000000,0x00000000fa000000,0x00000000fbf80000)
  from space 13824K, 22% used [0x00000000fd0a0000,0x00000000fd3afbf8,0x00000000fde20000)
  to   space 15680K, 0% used [0x00000000fbf80000,0x00000000fbf80000,0x00000000fced0000)
 ParOldGen       total 75904K, used 53645K [0x00000000e8000000, 0x00000000eca20000, 0x00000000fa000000)
  object space 75904K, 70% used [0x00000000e8000000,0x00000000eb4636a8,0x00000000eca20000)
 PSPermGen       total 126784K, used 68008K [0x00000000e0000000, 0x00000000e7bd0000, 0x00000000e8000000)
  object space 126784K, 53% used [0x00000000e0000000,0x00000000e426a148,0x00000000e7bd0000)
}

